<?xml version="1.0" encoding="UTF-8"?>
<testng-results skipped="0" failed="0" total="2" passed="2">
  <reporter-output>
  </reporter-output>
  <suite name="Default suite" duration-ms="58873" started-at="2020-07-14T13:26:38Z" finished-at="2020-07-14T13:27:37Z">
    <groups>
    </groups>
    <test name="Default test" duration-ms="58873" started-at="2020-07-14T13:26:38Z" finished-at="2020-07-14T13:27:37Z">
      <class name="testcases.ui.SanityTest">
        <test-method status="PASS" signature="Sheet1(java.util.Map)[pri:0, instance:testcases.ui.SanityTest@1fb669c3]" name="Sheet1" duration-ms="12307" started-at="2020-07-14T18:56:43Z" data-provider="myData" finished-at="2020-07-14T18:56:56Z">
          <params>
            <param index="0">
              <value>
                <![CDATA[{_id={$oid=5f0c673ff7ca60dc29031ac6}, username=mgaur000@gmail.com, password=ABC123}]]>
              </value>
            </param>
          </params>
          <reporter-output>
          </reporter-output>
        </test-method> <!-- Sheet1 -->
        <test-method status="PASS" signature="Sheet1(java.util.Map)[pri:0, instance:testcases.ui.SanityTest@1fb669c3]" name="Sheet1" duration-ms="35230" started-at="2020-07-14T18:56:56Z" data-provider="myData" finished-at="2020-07-14T18:57:31Z">
          <params>
            <param index="0">
              <value>
                <![CDATA[{_id={$oid=5f0c6781f7ca60dc29031ac7}, username=mgaur101@gmail.com, password=BZ88}]]>
              </value>
            </param>
          </params>
          <reporter-output>
          </reporter-output>
        </test-method> <!-- Sheet1 -->
        <test-method status="PASS" signature="tearDown()[pri:0, instance:testcases.ui.SanityTest@1fb669c3]" name="tearDown" is-config="true" duration-ms="5534" started-at="2020-07-14T18:57:31Z" finished-at="2020-07-14T18:57:37Z">
          <reporter-output>
          </reporter-output>
        </test-method> <!-- tearDown -->
      </class> <!-- testcases.ui.SanityTest -->
    </test> <!-- Default test -->
  </suite> <!-- Default suite -->
</testng-results>
