<?xml version="1.0" encoding="UTF-8"?>
<!-- Generated by org.testng.reporters.JUnitXMLReporter -->
<testsuite hostname="HO-GDC-SIG64" ignored="1" name="Command line test" tests="2" failures="1" timestamp="05 Jul 2020 13:04:58 GMT" time="21.876" errors="0">
  <testcase name="Sheet1" time="5.273" classname="testcases.SanityTest">
    <failure type="java.lang.NullPointerException">
      <![CDATA[java.lang.NullPointerException
at commonutil.SeleniumUtil.takeScreenshotandAttachInReport(SeleniumUtil.java:80)
at pagefactory.Login.loginApp(Login.java:60)
at testcases.SanityTest.Sheet1(SanityTest.java:44)
... Removed 35 stack frames]]>
    </failure>
  </testcase> <!-- Sheet1 -->
  <testcase name="Sheet1" time="0.001" classname="testcases.SanityTest">
    <skipped/>
  </testcase> <!-- Sheet1 -->
  <testcase name="@AfterTest tearDown" time="0.0" classname="testBase.TestBase">
    <ignored/>
  </testcase> <!-- @AfterTest tearDown -->
</testsuite> <!-- Command line test -->
