<?xml version="1.0" encoding="UTF-8" ?>
<testsuite tests="2" failures="1" name="TestSuite" time="5.282" errors="0" skipped="1">
  <properties>
[...]
</properties>
  <testcase classname="testcases.SanityTest" name="Sheet1" time="5.282">
    <failure type="java.lang.NullPointerException">java.lang.NullPointerException
	at commonutil.SeleniumUtil.takeScreenshotandAttachInReport(SeleniumUtil.java:80)
	at pagefactory.Login.loginApp(Login.java:60)
	at testcases.SanityTest.Sheet1(SanityTest.java:44)
</failure>
    <system-out>Configuring TestNG with: org.apache.maven.surefire.testng.conf.TestNG652Configurator@2437c6dc
2020-07-05 18:34:49--INFO -testcases.SanityTest-main:Data set=1
2020-07-05 18:34:49--INFO -testcases.SanityTest-main:Executing Data set number = 1
2020-07-05 18:34:54--ERROR-pagefactory.Login-main:java.lang.NullPointerException
</system-out>
    <system-err>SLF4J: Failed to load class &quot;org.slf4j.impl.StaticLoggerBinder&quot;.
SLF4J: Defaulting to no-operation (NOP) logger implementation
SLF4J: See http://www.slf4j.org/codes.html#StaticLoggerBinder for further details.
Starting ChromeDriver 83.0.4103.39 (ccbf011cb2d2b19b506d844400483861342c20cd-refs/branch-heads/4103@{#416}) on port 21703
Only local connections are allowed.
Please see https://chromedriver.chromium.org/security-considerations for suggestions on keeping ChromeDriver safe.
ChromeDriver was started successfully.
Jul 05, 2020 6:34:23 PM org.openqa.selenium.remote.ProtocolHandshake createSession
INFO: Detected dialect: W3C
</system-err>
  </testcase>
  <testcase classname="testcases.SanityTest" name="Sheet1" time="0">
    <skipped/>
    <system-out>2020-07-05 18:34:54--INFO -testcases.SanityTest-main:Data set=2
</system-out>
  </testcase>
</testsuite>